
--------------------------------------

	Konsistenzprüfung

Fehlwerte: {'Monat': 0, 'Durchfluss_m3s': 0, 'Datum': 0}
Fehlende Zeitschritte: []
Duplikate: []


 OutlierTestIQR(upper_bound=3.1035, lower_bound=-1.0525, outlier=       Monat  Durchfluss_m3s      Datum
29   04/1962           3.646 1962-04-01
65   04/1965           5.107 1965-04-01
66   05/1965           3.595 1965-05-01
100  03/1968           3.584 1968-03-01
101  04/1968           3.988 1968-04-01
113  04/1969           5.529 1969-04-01
125  04/1970           5.107 1970-04-01
126  05/1970           3.964 1970-05-01
180  11/1974           3.117 1974-11-01
181  12/1974           7.342 1974-12-01
194  01/1976           4.760 1976-01-01
233  04/1979           3.117 1979-04-01
248  07/1980           3.413 1980-07-01
256  03/1981           5.768 1981-03-01
281  04/1983           3.230 1983-04-01
293  04/1984           3.177 1984-04-01
329  04/1987           6.027 1987-04-01
341  04/1988           5.138 1988-04-01
349  12/1988           3.354 1988-12-01
388  03/1992           3.814 1992-03-01
425  04/1995           3.553 1995-04-01
472  03/1999           3.241 1999-03-01)


 OutlierTestZscore(upper_bound=4.139371838692404, lower_bound=-1.7653718386924038, outlier=       Monat  Durchfluss_m3s      Datum
65   04/1965           5.107 1965-04-01
113  04/1969           5.529 1969-04-01
125  04/1970           5.107 1970-04-01
181  12/1974           7.342 1974-12-01
194  01/1976           4.760 1976-01-01
256  03/1981           5.768 1981-03-01
329  04/1987           6.027 1987-04-01
341  04/1988           5.138 1988-04-01)


 OutlierTestGrubbs(bound=6.260818586174237, outlier=       Monat  Durchfluss_m3s      Datum
181  12/1974           7.342 1974-12-01)

--------------------------------------

	Homogenitätsprüfung


Pettitt test: Pettitt_Test(h=True, cp=64, p=0.0479, U=8218.0, avg=mean(mu1=0.8495937499999999, mu2=1.2389086538461538)) 
Bruchpunkt: 03/1965

--------------------------------------

	Stationaritätsprüfung

ADF-Test: (-4.655610843748499, 0.00010188477106196576, 13, 466, {'1%': -3.4444609168389615, '5%': -2.8677622536920317, '10%': -2.5700842229549266}, 1205.078847718761)

--------------------------------------

Bestimmung der Trendkomponente

Lineare Regression (Jahreswerte): LinregressResult(slope=-0.002111069418386492, intercept=5.365861913696061, rvalue=-0.07949117894125547, pvalue=0.6258494451143433, stderr=0.004294526671423316, intercept_stderr=8.501160087838983)
Lineare Regression (Monatswerte): LinregressResult(slope=-0.0025673340596119704, intercept=6.270214465779172, rvalue=-0.030154620751408158, pvalue=0.5098431062148938, stderr=0.0038923960328492227, intercept_stderr=7.706913020053636)
Teststatistik lin. Regression (Jahreswerte): -0.492
Teststatistik lin. Regression (Monatswerte): -0.66

MK-Test (Jahreswerte): Seasonal_Mann_Kendall_Test(trend='no trend', h=False, p=0.9758497724829516, z=0.03027244464783469, Tau=0.0010683760683760685, s=10.0, var_s=88387.33333333334, slope=0.0, intercept=0.8835)
MK-Test (Monatswerte): Mann_Kendall_Test(trend='no trend', h=False, p=0.8379561687990973, z=0.2045084763520916, Tau=0.006254349338900487, s=719.0, var_s=12326116.333333334, slope=3.8827275027409835e-05, intercept=0.8742008676309353)

--------------------------------------

Bestimmung der saisonalen Komponente

Top 5 Frequenzen:  [0.33333333 0.0875     0.25       0.08333333 0.00208333] 1/Monat
Top 5 Periodendauern [3.0, 11.43, 4.0, 12.0, 480.0] Monate

--------------------------------------

Bestimmung der autokorrelativen Komponente

-> data/Klingenthal_autokorr.csv

--------------------------------------

Bestimmung der Zufallskomponente


--------------------------------------

Statistische Berechnung

-> data/Klingenthal_statistics.csv

--------------------------------------

Zeitreihengenerierung

-> Modellparameter: data/Klingenthal_tomasfiering_parameters.csv
-> generierte Zeitreihen: data/{pegelname}_thomasfiering_timeseries.csv
Dauer der Generierung: 59.3 Sekunden

--------------------------------------

Berechnung monatlicher Soll-Abgaben

-> data/Klingenthal_monthly_discharge.csv

--------------------------------------

Berechnung Speicherkapazität

       Monat  Durchfluss_m3s      Datum  ...  autokorr    zufall  Durchfluss_hm3
0    11/1959           0.336 1959-11-01  ... -0.378333 -0.468979        0.883008
1    12/1959           0.256 1959-12-01  ... -0.372094 -0.599905        0.672768
2    01/1960           0.701 1960-01-01  ... -0.171269 -0.501852        1.842228
3    02/1960           0.562 1960-02-01  ... -0.186594 -0.550418        1.476936
4    03/1960           1.864 1960-03-01  ...  0.000261  0.027112        4.898592
..       ...             ...        ...  ...       ...       ...             ...
475  06/1999           0.451 1999-06-01  ... -0.055835 -0.753671        1.185228
476  07/1999           0.533 1999-07-01  ... -0.060046 -0.442195        1.400724
477  08/1999           0.254 1999-08-01  ... -0.200155 -0.832542        0.667512
478  09/1999           0.161 1999-09-01  ... -0.566587 -0.478994        0.423108
479  10/1999           0.252 1999-10-01  ...  0.052356 -0.894126        0.662256

[480 rows x 13 columns]
       Monat  G001_m3s  G002_m3s  ...  G008_m3s  G009_m3s  G010_m3s
0    11/1959  1.033927  1.043980  ...  1.060886  0.558966  1.232576
1    12/1959  0.625966  0.648009  ...  1.585094  1.326797  1.870957
2    01/1960  0.594462  1.093905  ...  1.405036  0.457969  1.712912
3    02/1960  1.028469  0.923688  ...  1.002890  0.832375  0.712192
4    03/1960  1.113727  2.916376  ...  1.944778  2.043439  2.725488
..       ...       ...       ...  ...       ...       ...       ...
475  06/1999  0.735067  0.620909  ...  0.838505  1.211751  0.465265
476  07/1999  0.678468  0.439905  ...  2.101462  0.638575  0.889812
477  08/1999  0.142986  0.986215  ...  0.147138  0.722198  0.369423
478  09/1999  0.350838  1.079840  ...  0.136622  0.451620  0.433981
479  10/1999  0.677172  0.946734  ...  0.151934  1.036454  0.570071

[480 rows x 11 columns]
       Monat  G001_m3s  G002_m3s  ...  G008_hm3  G009_hm3  G010_hm3
0    11/1959  1.033927  1.043980  ...  2.788009  1.468963  3.239211
1    12/1959  0.625966  0.648009  ...  4.165626  3.486823  4.916875
2    01/1960  0.594462  1.093905  ...  3.692436  1.203544  4.501532
3    02/1960  1.028469  0.923688  ...  2.635596  2.187482  1.871641
4    03/1960  1.113727  2.916376  ...  5.110876  5.370157  7.162582
..       ...       ...       ...  ...       ...       ...       ...
475  06/1999  0.735067  0.620909  ...  2.203592  3.184482  1.222717
476  07/1999  0.678468  0.439905  ...  5.522643  1.678175  2.338426
477  08/1999  0.142986  0.986215  ...  0.386679  1.897935  0.970843
478  09/1999  0.350838  1.079840  ...  0.359044  1.186858  1.140503
479  10/1999  0.677172  0.946734  ...  0.399284  2.723802  1.498147

[480 rows x 21 columns]
   Zeitreihe  Kapazität
0   original  22.896093
1       G001  11.771761
2       G002  12.679913
3       G003  15.954541
4       G004  13.968818
5       G005  11.831043
6       G006  13.681699
7       G007  15.479369
8       G008  16.200203
9       G009  15.016279
10      G010  11.325587

--------------------------------------
