
--------------------------------------

Zuverlässigkeitsprüfung für Zeitreihen data/Klingenthal_storagesim_original_0_28.873.csv

Anzahl Monate (1.0, 0.713)
Anzahl Jahre (1.0, 0.25)
Summe Defizit 2.9370000000000003 hm³
Summe Überschuss 434.926 hm³
Summe Sollabgabe 1048.0 hm³
Menge (0.0028024809160305344, 0.41500572519083967)

Zuverlässigkeitsprüfung für Zeitreihen data/Klingenthal_storagesim_original_0_inf.csv

Anzahl Monate (1.0, 1.0)
Anzahl Jahre (1.0, 1.0)
Summe Defizit 2.9370000000000003 hm³
Summe Überschuss 0 hm³
Summe Sollabgabe 1048.0 hm³
Menge (0.0028024809160305344, 0.0)

Zuverlässigkeitsprüfung für Zeitreihen data/Klingenthal_storagesim_original_7.492_14.984.csv

Anzahl Monate (1.0, 0.702)
Anzahl Jahre (1.0, 0.225)
Summe Defizit 7.902 hm³
Summe Überschuss 461.27199999999993 hm³
Summe Sollabgabe 1048.0 hm³
Menge (0.007540076335877863, 0.4401450381679389)

Zuverlässigkeitsprüfung für Zeitreihen data/Klingenthal_storagesim_original_11.448_22.896.csv

Anzahl Monate (1.0, 0.704)
Anzahl Jahre (1.0, 0.225)
Summe Defizit 0 hm³
Summe Überschuss 449.41299999999995 hm³
Summe Sollabgabe 1048.0 hm³
Menge (0.0, 0.4288291984732824)

Zuverlässigkeitsprüfung für Zeitreihen data/Klingenthal_storagesim_original_14.437_28.873.csv

Anzahl Monate (1.0, 0.706)
Anzahl Jahre (1.0, 0.225)
Summe Defizit 0 hm³
Summe Überschuss 446.424 hm³
Summe Sollabgabe 1048.0 hm³
Menge (0.0, 0.4259770992366412)

Zuverlässigkeitsprüfung für Zeitreihen data/Klingenthal_storagesim_original_16.03_32.061.csv

Anzahl Monate (1.0, 0.706)
Anzahl Jahre (1.0, 0.225)
Summe Defizit 0 hm³
Summe Überschuss 444.83 hm³
Summe Sollabgabe 1048.0 hm³
Menge (0.0, 0.424456106870229)

Zuverlässigkeitsprüfung für Zeitreihen data/Klingenthal_storagesim_original_20.91_41.82.csv

Anzahl Monate (1.0, 0.71)
Anzahl Jahre (1.0, 0.225)
Summe Defizit 0 hm³
Summe Überschuss 439.95099999999996 hm³
Summe Sollabgabe 1048.0 hm³
Menge (0.0, 0.4198005725190839)

Zuverlässigkeitsprüfung für Zeitreihen data/Klingenthal_storagesim_original_28.873_28.873.csv

Anzahl Monate (1.0, 0.696)
Anzahl Jahre (1.0, 0.2)
Summe Defizit 0 hm³
Summe Überschuss 460.861 hm³
Summe Sollabgabe 1048.0 hm³
Menge (0.0, 0.43975286259541985)

Zuverlässigkeitsprüfung für Zeitreihen data/Klingenthal_storagesim_original_50.0_100.0.csv

Anzahl Monate (1.0, 0.731)
Anzahl Jahre (1.0, 0.3)
Summe Defizit 0 hm³
Summe Überschuss 410.86299999999994 hm³
Summe Sollabgabe 1048.0 hm³
Menge (0.0, 0.39204484732824424)

--------------------------------------
