12/09/2023 02:42:16 -----------------------------------------
12/09/2023 02:42:16 PEGEL: Klingenthal
12/09/2023 02:42:16 -----------------------------------------
12/09/2023 02:42:18 -----------------------------------------
12/09/2023 02:42:18 Check: Konsistenz
12/09/2023 02:42:18 -----------------------------------------
12/09/2023 02:42:18 Fehlwerte: {'Monat': 0, 'Durchfluss_m3s': 0, 'Datum': 0}
12/09/2023 02:42:18 Fehlende Zeitschritte: []
12/09/2023 02:42:18 Duplikate: []
12/09/2023 02:42:18 Ausreißertest (IQR): OutlierTestIQR(upper_bound=3.1035, lower_bound=-1.0525, outlier=       Monat  Durchfluss_m3s      Datum
29   04/1962           3.646 1962-04-01
65   04/1965           5.107 1965-04-01
66   05/1965           3.595 1965-05-01
100  03/1968           3.584 1968-03-01
101  04/1968           3.988 1968-04-01
113  04/1969           5.529 1969-04-01
125  04/1970           5.107 1970-04-01
126  05/1970           3.964 1970-05-01
180  11/1974           3.117 1974-11-01
181  12/1974           7.342 1974-12-01
194  01/1976           4.760 1976-01-01
233  04/1979           3.117 1979-04-01
248  07/1980           3.413 1980-07-01
256  03/1981           5.768 1981-03-01
281  04/1983           3.230 1983-04-01
293  04/1984           3.177 1984-04-01
329  04/1987           6.027 1987-04-01
341  04/1988           5.138 1988-04-01
349  12/1988           3.354 1988-12-01
388  03/1992           3.814 1992-03-01
425  04/1995           3.553 1995-04-01
472  03/1999           3.241 1999-03-01)
12/09/2023 02:42:18 Ausreißertest (z-score): OutlierTestZscore(upper_bound=4.139371838692404, lower_bound=-1.7653718386924038, outlier=       Monat  Durchfluss_m3s      Datum
65   04/1965           5.107 1965-04-01
113  04/1969           5.529 1969-04-01
125  04/1970           5.107 1970-04-01
181  12/1974           7.342 1974-12-01
194  01/1976           4.760 1976-01-01
256  03/1981           5.768 1981-03-01
329  04/1987           6.027 1987-04-01
341  04/1988           5.138 1988-04-01)
12/09/2023 02:42:18 Ausreißertest (Grubbs): OutlierTestGrubbs(bound=6.260818586174237, outlier=       Monat  Durchfluss_m3s      Datum
181  12/1974           7.342 1974-12-01)
12/09/2023 02:42:18 -----------------------------------------
12/09/2023 02:42:18 Check: Homogenität
12/09/2023 02:42:18 -----------------------------------------
12/09/2023 02:42:34 Pettitt test: Pettitt_Test(h=True, cp=64, p=0.0442, U=8218.0, avg=mean(mu1=0.8495937499999999, mu2=1.2389086538461538)), Bruchpunkt: 03/1965
12/09/2023 02:42:36 -----------------------------------------
12/09/2023 02:42:36 Check: Stationarität
12/09/2023 02:42:36 -----------------------------------------
12/09/2023 02:42:36 ADF-Test: (-4.655610843748499, 0.00010188477106196576, 13, 466, {'1%': -3.4444609168389615, '5%': -2.8677622536920317, '10%': -2.5700842229549266}, 1205.078847718761)
12/09/2023 02:42:36 -----------------------------------------
12/09/2023 02:42:36 Analyse: Trendkomponente
12/09/2023 02:42:36 -----------------------------------------
12/09/2023 02:42:36 Lineare Regression (Jahreswerte): LinregressResult(slope=-0.002111069418386492, intercept=5.365861913696061, rvalue=-0.07949117894125547, pvalue=0.6258494451143433, stderr=0.004294526671423316, intercept_stderr=8.501160087838983)
12/09/2023 02:42:36 Lineare Regression (Monatswerte): LinregressResult(slope=-0.0025673340596119704, intercept=6.270214465779172, rvalue=-0.030154620751408158, pvalue=0.5098431062148938, stderr=0.0038923960328492227, intercept_stderr=7.706913020053636)
12/09/2023 02:42:36 Teststatistik lin. Regression (Jahreswerte): -0.492
12/09/2023 02:42:36 Teststatistik lin. Regression (Monatswerte): -0.66
12/09/2023 02:42:36 MK-Test (Jahreswerte): Seasonal_Mann_Kendall_Test(trend='no trend', h=False, p=0.9758497724829516, z=0.03027244464783469, Tau=0.0010683760683760685, s=10.0, var_s=88387.33333333334, slope=0.0, intercept=0.8835)
12/09/2023 02:42:36 MK-Test (Monatswerte): Mann_Kendall_Test(trend='no trend', h=False, p=0.8379561687990973, z=0.2045084763520916, Tau=0.006254349338900487, s=719.0, var_s=12326116.333333334, slope=3.8827275027409835e-05, intercept=0.8742008676309353)
12/09/2023 02:42:39 -----------------------------------------
12/09/2023 02:42:39 Analyse: Saisonkomponente
12/09/2023 02:42:39 -----------------------------------------
12/09/2023 02:42:40 Top 5 Frequenzen: [0.33333333 0.0875     0.25       0.08333333 0.00208333] 1/Monat
12/09/2023 02:42:40 Top 5 Periodendauern [3.0, 11.43, 4.0, 12.0, 480.0] Monate
12/09/2023 02:42:41 -----------------------------------------
12/09/2023 02:42:41 Analyse: Autokorrelative Komponente
12/09/2023 02:42:41 -----------------------------------------
12/09/2023 02:42:45 -----------------------------------------
12/09/2023 02:42:45 Analyse: Irreguläre Komponente
12/09/2023 02:42:45 -----------------------------------------
12/09/2023 02:43:07 No artists with labels found to put in legend.  Note that artists whose label start with an underscore are ignored when legend() is called with no argument.
12/09/2023 02:43:21 -----------------------------------------
12/09/2023 02:43:21 Ende
12/09/2023 02:43:21 -----------------------------------------
