12/09/2023 03:48:21 -----------------------------------------
12/09/2023 03:48:21 PEGEL: Ammelsdorf
12/09/2023 03:48:21 -----------------------------------------
12/09/2023 03:48:23 -----------------------------------------
12/09/2023 03:48:23 Check: Konsistenz
12/09/2023 03:48:23 -----------------------------------------
12/09/2023 03:48:23 Fehlwerte: {'Monat': 0, 'Durchfluss_m3s': 0, 'Datum': 0}
12/09/2023 03:48:23 Fehlende Zeitschritte: []
12/09/2023 03:48:23 Duplikate: []
12/09/2023 03:48:23 Ausreißertest (IQR): OutlierTestIQR(upper_bound=2.673, lower_bound=-0.9429999999999998, outlier=       Monat  Durchfluss_m3s      Datum
65   04/1965           4.309 1965-04-01
66   05/1965           3.521 1965-05-01
113  04/1969           3.309 1969-04-01
125  04/1970           4.174 1970-04-01
181  12/1974           3.446 1974-12-01
245  04/1980           2.696 1980-04-01
248  07/1980           3.063 1980-07-01
256  03/1981           3.527 1981-03-01
264  11/1981           3.236 1981-11-01
329  04/1987           5.230 1987-04-01
341  04/1988           3.546 1988-04-01
349  12/1988           3.401 1988-12-01
412  03/1994           2.743 1994-03-01
460  03/1998           2.782 1998-03-01
472  03/1999           2.805 1999-03-01)
12/09/2023 03:48:23 Ausreißertest (z-score): OutlierTestZscore(upper_bound=3.209979313043004, lower_bound=-1.333408479709671, outlier=       Monat  Durchfluss_m3s      Datum
65   04/1965           4.309 1965-04-01
66   05/1965           3.521 1965-05-01
113  04/1969           3.309 1969-04-01
125  04/1970           4.174 1970-04-01
181  12/1974           3.446 1974-12-01
256  03/1981           3.527 1981-03-01
264  11/1981           3.236 1981-11-01
329  04/1987           5.230 1987-04-01
341  04/1988           3.546 1988-04-01
349  12/1988           3.401 1988-12-01)
12/09/2023 03:48:23 Ausreißertest (Grubbs): OutlierTestGrubbs(bound=5.6735532770138315, outlier=Empty DataFrame
Columns: [Monat, Durchfluss_m3s, Datum]
Index: [])
12/09/2023 03:48:23 -----------------------------------------
12/09/2023 03:48:23 Check: Homogenität
12/09/2023 03:48:23 -----------------------------------------
12/09/2023 03:48:37 Pettitt test: Pettitt_Test(h=True, cp=64, p=0.0227, U=8893.0, avg=mean(mu1=0.6339687500000001, mu2=0.9851033653846154)), Bruchpunkt: 03/1965
12/09/2023 03:48:38 -----------------------------------------
12/09/2023 03:48:38 Check: Stationarität
12/09/2023 03:48:38 -----------------------------------------
12/09/2023 03:48:38 ADF-Test: (-4.234697649237035, 0.000575239751943539, 11, 468, {'1%': -3.4444002781824477, '5%': -2.867735576537528, '10%': -2.57007000456571}, 954.1607901740014)
12/09/2023 03:48:38 -----------------------------------------
12/09/2023 03:48:38 Analyse: Trendkomponente
12/09/2023 03:48:38 -----------------------------------------
12/09/2023 03:48:38 Lineare Regression (Jahreswerte): LinregressResult(slope=0.004111296122576609, intercept=-7.2000252579737305, rvalue=0.20717173564583735, pvalue=0.199600865778377, stderr=0.0031494197545773542, intercept_stderr=6.234382404846295)
12/09/2023 03:48:38 Lineare Regression (Monatswerte): LinregressResult(slope=0.0037467812360330796, intercept=-6.480185314793928, rvalue=0.05719407861193633, pvalue=0.21100145195451267, stderr=0.0029914505768957106, intercept_stderr=5.923048221547083)
12/09/2023 03:48:38 Teststatistik lin. Regression (Jahreswerte): 1.305
12/09/2023 03:48:38 Teststatistik lin. Regression (Monatswerte): 1.252
12/09/2023 03:48:38 MK-Test (Jahreswerte): Seasonal_Mann_Kendall_Test(trend='increasing', h=True, p=0.018051899442865116, z=2.3645518666149425, Tau=0.07521367521367521, s=704.0, var_s=88392.00000000001, slope=0.004117567567567569, intercept=0.6298202139639639)
12/09/2023 03:48:38 MK-Test (Monatswerte): Mann_Kendall_Test(trend='increasing', h=True, p=0.03415105170855859, z=2.1182836590621177, Tau=0.06470076548364649, s=7438.0, var_s=12326146.666666666, slope=0.0003764720370683948, intercept=0.6218349471221194)
12/09/2023 03:48:40 -----------------------------------------
12/09/2023 03:48:40 Analyse: Saisonkomponente
12/09/2023 03:48:40 -----------------------------------------
12/09/2023 03:48:41 Top 5 Frequenzen: [0.16666667 0.0125     0.25       0.08333333 0.00208333] 1/Monat
12/09/2023 03:48:41 Top 5 Periodendauern [6.0, 80.0, 4.0, 12.0, 480.0] Monate
12/09/2023 03:48:42 -----------------------------------------
12/09/2023 03:48:42 Analyse: Autokorrelative Komponente
12/09/2023 03:48:42 -----------------------------------------
12/09/2023 03:48:45 -----------------------------------------
12/09/2023 03:48:45 Analyse: Irreguläre Komponente
12/09/2023 03:48:45 -----------------------------------------
12/09/2023 03:49:00 No artists with labels found to put in legend.  Note that artists whose label start with an underscore are ignored when legend() is called with no argument.
12/09/2023 03:49:15 -----------------------------------------
12/09/2023 03:49:15 Ende
12/09/2023 03:49:15 -----------------------------------------
12/09/2023 03:49:15 -----------------------------------------
12/09/2023 03:49:15 PEGEL: Klingenthal
12/09/2023 03:49:15 -----------------------------------------
12/09/2023 03:49:16 -----------------------------------------
12/09/2023 03:49:16 Check: Konsistenz
12/09/2023 03:49:16 -----------------------------------------
12/09/2023 03:49:16 Fehlwerte: {'Monat': 0, 'Durchfluss_m3s': 0, 'Datum': 0}
12/09/2023 03:49:16 Fehlende Zeitschritte: []
12/09/2023 03:49:16 Duplikate: []
12/09/2023 03:49:16 Ausreißertest (IQR): OutlierTestIQR(upper_bound=3.1035, lower_bound=-1.0525, outlier=       Monat  Durchfluss_m3s      Datum
29   04/1962           3.646 1962-04-01
65   04/1965           5.107 1965-04-01
66   05/1965           3.595 1965-05-01
100  03/1968           3.584 1968-03-01
101  04/1968           3.988 1968-04-01
113  04/1969           5.529 1969-04-01
125  04/1970           5.107 1970-04-01
126  05/1970           3.964 1970-05-01
180  11/1974           3.117 1974-11-01
181  12/1974           7.342 1974-12-01
194  01/1976           4.760 1976-01-01
233  04/1979           3.117 1979-04-01
248  07/1980           3.413 1980-07-01
256  03/1981           5.768 1981-03-01
281  04/1983           3.230 1983-04-01
293  04/1984           3.177 1984-04-01
329  04/1987           6.027 1987-04-01
341  04/1988           5.138 1988-04-01
349  12/1988           3.354 1988-12-01
388  03/1992           3.814 1992-03-01
425  04/1995           3.553 1995-04-01
472  03/1999           3.241 1999-03-01)
12/09/2023 03:49:16 Ausreißertest (z-score): OutlierTestZscore(upper_bound=4.139371838692404, lower_bound=-1.7653718386924038, outlier=       Monat  Durchfluss_m3s      Datum
65   04/1965           5.107 1965-04-01
113  04/1969           5.529 1969-04-01
125  04/1970           5.107 1970-04-01
181  12/1974           7.342 1974-12-01
194  01/1976           4.760 1976-01-01
256  03/1981           5.768 1981-03-01
329  04/1987           6.027 1987-04-01
341  04/1988           5.138 1988-04-01)
12/09/2023 03:49:16 Ausreißertest (Grubbs): OutlierTestGrubbs(bound=6.260818586174237, outlier=       Monat  Durchfluss_m3s      Datum
181  12/1974           7.342 1974-12-01)
12/09/2023 03:49:16 -----------------------------------------
12/09/2023 03:49:16 Check: Homogenität
12/09/2023 03:49:16 -----------------------------------------
12/09/2023 03:49:29 Pettitt test: Pettitt_Test(h=True, cp=64, p=0.0474, U=8218.0, avg=mean(mu1=0.8495937499999999, mu2=1.2389086538461538)), Bruchpunkt: 03/1965
12/09/2023 03:49:30 -----------------------------------------
12/09/2023 03:49:30 Check: Stationarität
12/09/2023 03:49:30 -----------------------------------------
12/09/2023 03:49:30 ADF-Test: (-4.655610843748499, 0.00010188477106196576, 13, 466, {'1%': -3.4444609168389615, '5%': -2.8677622536920317, '10%': -2.5700842229549266}, 1205.078847718761)
12/09/2023 03:49:30 -----------------------------------------
12/09/2023 03:49:30 Analyse: Trendkomponente
12/09/2023 03:49:30 -----------------------------------------
12/09/2023 03:49:30 Lineare Regression (Jahreswerte): LinregressResult(slope=-0.002111069418386492, intercept=5.365861913696061, rvalue=-0.07949117894125547, pvalue=0.6258494451143433, stderr=0.004294526671423316, intercept_stderr=8.501160087838983)
12/09/2023 03:49:30 Lineare Regression (Monatswerte): LinregressResult(slope=-0.0025673340596119704, intercept=6.270214465779172, rvalue=-0.030154620751408158, pvalue=0.5098431062148938, stderr=0.0038923960328492227, intercept_stderr=7.706913020053636)
12/09/2023 03:49:30 Teststatistik lin. Regression (Jahreswerte): -0.492
12/09/2023 03:49:30 Teststatistik lin. Regression (Monatswerte): -0.66
12/09/2023 03:49:30 MK-Test (Jahreswerte): Seasonal_Mann_Kendall_Test(trend='no trend', h=False, p=0.9758497724829516, z=0.03027244464783469, Tau=0.0010683760683760685, s=10.0, var_s=88387.33333333334, slope=0.0, intercept=0.8835)
12/09/2023 03:49:30 MK-Test (Monatswerte): Mann_Kendall_Test(trend='no trend', h=False, p=0.8379561687990973, z=0.2045084763520916, Tau=0.006254349338900487, s=719.0, var_s=12326116.333333334, slope=3.8827275027409835e-05, intercept=0.8742008676309353)
12/09/2023 03:49:33 -----------------------------------------
12/09/2023 03:49:33 Analyse: Saisonkomponente
12/09/2023 03:49:33 -----------------------------------------
12/09/2023 03:49:34 Top 5 Frequenzen: [0.33333333 0.0875     0.25       0.08333333 0.00208333] 1/Monat
12/09/2023 03:49:34 Top 5 Periodendauern [3.0, 11.43, 4.0, 12.0, 480.0] Monate
12/09/2023 03:49:35 -----------------------------------------
12/09/2023 03:49:35 Analyse: Autokorrelative Komponente
12/09/2023 03:49:35 -----------------------------------------
12/09/2023 03:49:38 -----------------------------------------
12/09/2023 03:49:38 Analyse: Irreguläre Komponente
12/09/2023 03:49:38 -----------------------------------------
12/09/2023 03:49:53 No artists with labels found to put in legend.  Note that artists whose label start with an underscore are ignored when legend() is called with no argument.
12/09/2023 03:50:06 -----------------------------------------
12/09/2023 03:50:06 Ende
12/09/2023 03:50:06 -----------------------------------------
12/09/2023 03:50:06 -----------------------------------------
12/09/2023 03:50:06 PEGEL: Rothenthal
12/09/2023 03:50:06 -----------------------------------------
12/09/2023 03:50:07 -----------------------------------------
12/09/2023 03:50:07 Check: Konsistenz
12/09/2023 03:50:07 -----------------------------------------
12/09/2023 03:50:07 Fehlwerte: {'Monat': 0, 'Durchfluss_m3s': 0, 'Datum': 0}
12/09/2023 03:50:07 Fehlende Zeitschritte: []
12/09/2023 03:50:07 Duplikate: []
12/09/2023 03:50:07 Ausreißertest (IQR): OutlierTestIQR(upper_bound=3.9274999999999993, lower_bound=-1.1964999999999995, outlier=       Monat  Durchfluss_m3s      Datum
65   04/1965           4.178 1965-04-01
66   05/1965           3.955 1965-05-01
101  04/1968           4.112 1968-04-01
113  04/1969           4.854 1969-04-01
125  04/1970           6.210 1970-04-01
126  05/1970           4.344 1970-05-01
181  12/1974           6.881 1974-12-01
194  01/1976           4.164 1976-01-01
213  08/1977           4.620 1977-08-01
256  03/1981           5.303 1981-03-01
329  04/1987           7.797 1987-04-01
341  04/1988           5.003 1988-04-01
349  12/1988           4.529 1988-12-01)
12/09/2023 03:50:07 Ausreißertest (z-score): OutlierTestZscore(upper_bound=4.666718765494823, lower_bound=-1.7057937654948216, outlier=       Monat  Durchfluss_m3s      Datum
113  04/1969           4.854 1969-04-01
125  04/1970           6.210 1970-04-01
181  12/1974           6.881 1974-12-01
256  03/1981           5.303 1981-03-01
329  04/1987           7.797 1987-04-01
341  04/1988           5.003 1988-04-01)
12/09/2023 03:50:07 Ausreißertest (Grubbs): OutlierTestGrubbs(bound=5.953501851444325, outlier=       Monat  Durchfluss_m3s      Datum
125  04/1970           6.210 1970-04-01
181  12/1974           6.881 1974-12-01
329  04/1987           7.797 1987-04-01)
12/09/2023 03:50:07 -----------------------------------------
12/09/2023 03:50:07 Check: Homogenität
12/09/2023 03:50:07 -----------------------------------------
12/09/2023 03:50:22 Pettitt test: Pettitt_Test(h=True, cp=64, p=0.00015, U=13319.0, avg=mean(mu1=0.8210312500000001, mu2=1.5819134615384616)), Bruchpunkt: 03/1965
12/09/2023 03:50:23 -----------------------------------------
12/09/2023 03:50:23 Check: Stationarität
12/09/2023 03:50:23 -----------------------------------------
12/09/2023 03:50:24 ADF-Test: (-4.234444219718529, 0.0005758128057849231, 16, 463, {'1%': -3.44455286264131, '5%': -2.8678027030003483, '10%': -2.5701057817594894}, 1248.6584255497928)
12/09/2023 03:50:24 -----------------------------------------
12/09/2023 03:50:24 Analyse: Trendkomponente
12/09/2023 03:50:24 -----------------------------------------
12/09/2023 03:50:24 Lineare Regression (Jahreswerte): LinregressResult(slope=0.00668774233896185, intercept=-11.757923459974982, rvalue=0.19468252710101108, pvalue=0.2286685343745545, stderr=0.005466011942027822, intercept_stderr=10.820154609918319)
12/09/2023 03:50:24 Lineare Regression (Monatswerte): LinregressResult(slope=0.006199507376339747, intercept=-10.79430379234524, rvalue=0.06747129116497057, pvalue=0.13993042133483508, stderr=0.004193082612591785, intercept_stderr=8.302270043546708)
12/09/2023 03:50:24 Teststatistik lin. Regression (Jahreswerte): 1.224
12/09/2023 03:50:24 Teststatistik lin. Regression (Monatswerte): 1.479
12/09/2023 03:50:24 MK-Test (Jahreswerte): Seasonal_Mann_Kendall_Test(trend='increasing', h=True, p=0.009981545586187579, z=2.5764679593874504, Tau=0.08194444444444444, s=767.0, var_s=88391.00000000001, slope=0.006086666666666662, intercept=1.0945202777777778)
12/09/2023 03:50:24 MK-Test (Monatswerte): Mann_Kendall_Test(trend='increasing', h=True, p=0.03838501919951853, z=2.0707194747535214, Tau=0.06324808629088378, s=7271.0, var_s=12326117.0, slope=0.00053746349182301, intercept=1.087277493708389)
12/09/2023 03:50:27 -----------------------------------------
12/09/2023 03:50:27 Analyse: Saisonkomponente
12/09/2023 03:50:27 -----------------------------------------
12/09/2023 03:50:28 Top 5 Frequenzen: [0.09583333 0.0125     0.25       0.08333333 0.00208333] 1/Monat
12/09/2023 03:50:28 Top 5 Periodendauern [10.43, 80.0, 4.0, 12.0, 480.0] Monate
12/09/2023 03:50:29 -----------------------------------------
12/09/2023 03:50:29 Analyse: Autokorrelative Komponente
12/09/2023 03:50:29 -----------------------------------------
12/09/2023 03:50:34 -----------------------------------------
12/09/2023 03:50:34 Analyse: Irreguläre Komponente
12/09/2023 03:50:34 -----------------------------------------
12/09/2023 03:50:45 No artists with labels found to put in legend.  Note that artists whose label start with an underscore are ignored when legend() is called with no argument.
12/09/2023 03:50:57 -----------------------------------------
12/09/2023 03:50:57 Ende
12/09/2023 03:50:57 -----------------------------------------
12/09/2023 03:50:57 -----------------------------------------
12/09/2023 03:50:57 PEGEL: Seifhennersdorf
12/09/2023 03:50:57 -----------------------------------------
12/09/2023 03:50:58 -----------------------------------------
12/09/2023 03:50:58 Check: Konsistenz
12/09/2023 03:50:58 -----------------------------------------
12/09/2023 03:50:58 Fehlwerte: {'Monat': 0, 'Durchfluss_m3s': 0, 'Datum': 0}
12/09/2023 03:50:58 Fehlende Zeitschritte: []
12/09/2023 03:50:58 Duplikate: []
12/09/2023 03:50:58 Ausreißertest (IQR): OutlierTestIQR(upper_bound=2.4935, lower_bound=-0.9505000000000001, outlier=       Monat  Durchfluss_m3s      Datum
64   03/1965           2.524 1965-03-01
66   05/1965           3.314 1965-05-01
98   01/1968           2.567 1968-01-01
113  04/1969           2.629 1969-04-01
125  04/1970           4.306 1970-04-01
179  10/1974           3.351 1974-10-01
181  12/1974           4.821 1974-12-01
194  01/1976           5.139 1976-01-01
232  03/1979           3.766 1979-03-01
245  04/1980           2.760 1980-04-01
256  03/1981           2.501 1981-03-01
260  07/1981           4.974 1981-07-01
264  11/1981           2.715 1981-11-01
266  01/1982           2.783 1982-01-01
340  03/1988           3.775 1988-03-01
349  12/1988           4.568 1988-12-01
388  03/1992           2.572 1992-03-01
412  03/1994           2.979 1994-03-01
422  01/1995           2.655 1995-01-01
472  03/1999           2.894 1999-03-01)
12/09/2023 03:50:58 Ausreißertest (z-score): OutlierTestZscore(upper_bound=3.3130078878354805, lower_bound=-1.4772203878354804, outlier=       Monat  Durchfluss_m3s      Datum
66   05/1965           3.314 1965-05-01
125  04/1970           4.306 1970-04-01
179  10/1974           3.351 1974-10-01
181  12/1974           4.821 1974-12-01
194  01/1976           5.139 1976-01-01
232  03/1979           3.766 1979-03-01
260  07/1981           4.974 1981-07-01
340  03/1988           3.775 1988-03-01
349  12/1988           4.568 1988-12-01)
12/09/2023 03:50:58 Ausreißertest (Grubbs): OutlierTestGrubbs(bound=5.292662321807259, outlier=Empty DataFrame
Columns: [Monat, Durchfluss_m3s, Datum]
Index: [])
12/09/2023 03:50:58 -----------------------------------------
12/09/2023 03:50:58 Check: Homogenität
12/09/2023 03:50:58 -----------------------------------------
12/09/2023 03:51:16 Pettitt test: Pettitt_Test(h=True, cp=207, p=0.0002, U=13124.0, avg=mean(mu1=0.7952512077294687, mu2=1.010886446886447)), Bruchpunkt: 02/1977
12/09/2023 03:51:19 -----------------------------------------
12/09/2023 03:51:19 Check: Stationarität
12/09/2023 03:51:19 -----------------------------------------
12/09/2023 03:51:19 ADF-Test: (-4.312313456153365, 0.00042290070232326924, 16, 463, {'1%': -3.44455286264131, '5%': -2.8678027030003483, '10%': -2.5701057817594894}, 1012.6486810930878)
12/09/2023 03:51:19 -----------------------------------------
12/09/2023 03:51:19 Analyse: Trendkomponente
12/09/2023 03:51:19 -----------------------------------------
12/09/2023 03:51:19 Lineare Regression (Jahreswerte): LinregressResult(slope=0.007274194809255785, intercept=-13.481374874921828, rvalue=0.2992709001574539, pvalue=0.06065700717180725, stderr=0.0037623012933046414, intercept_stderr=7.447602038635404)
12/09/2023 03:51:19 Lineare Regression (Monatswerte): LinregressResult(slope=0.006687903376322829, intercept=-12.323876272478401, rvalue=0.09682919430802327, pvalue=0.033932238805038685, stderr=0.0031443014045915343, intercept_stderr=6.2256916381350464)
12/09/2023 03:51:19 Teststatistik lin. Regression (Jahreswerte): 1.933
12/09/2023 03:51:19 Teststatistik lin. Regression (Monatswerte): 2.127
12/09/2023 03:51:19 MK-Test (Jahreswerte): Seasonal_Mann_Kendall_Test(trend='increasing', h=True, p=0.0001605221864013906, z=3.7741996271684943, Tau=0.11997863247863248, s=1123.0, var_s=88376.33333333334, slope=0.005349547511312217, intercept=0.5697319475867271)
12/09/2023 03:51:19 MK-Test (Monatswerte): Mann_Kendall_Test(trend='increasing', h=True, p=0.0018794309121619168, z=3.1086517680120735, Tau=0.09494606819763396, s=10915.0, var_s=12326045.0, slope=0.0004908249158249161, intercept=0.5589474326599327)
12/09/2023 03:51:22 -----------------------------------------
12/09/2023 03:51:22 Analyse: Saisonkomponente
12/09/2023 03:51:22 -----------------------------------------
12/09/2023 03:51:23 Top 5 Frequenzen: [0.025      0.08333333 0.0125     0.00625    0.00208333] 1/Monat
12/09/2023 03:51:23 Top 5 Periodendauern [40.0, 12.0, 80.0, 160.0, 480.0] Monate
12/09/2023 03:51:24 -----------------------------------------
12/09/2023 03:51:24 Analyse: Autokorrelative Komponente
12/09/2023 03:51:24 -----------------------------------------
12/09/2023 03:51:29 -----------------------------------------
12/09/2023 03:51:29 Analyse: Irreguläre Komponente
12/09/2023 03:51:29 -----------------------------------------
12/09/2023 03:51:40 No artists with labels found to put in legend.  Note that artists whose label start with an underscore are ignored when legend() is called with no argument.
12/09/2023 03:51:53 -----------------------------------------
12/09/2023 03:51:53 Ende
12/09/2023 03:51:53 -----------------------------------------
12/09/2023 03:51:53 -----------------------------------------
12/09/2023 03:51:53 PEGEL: Tannenberg
12/09/2023 03:51:53 -----------------------------------------
12/09/2023 03:51:55 -----------------------------------------
12/09/2023 03:51:55 Check: Konsistenz
12/09/2023 03:51:55 -----------------------------------------
12/09/2023 03:51:55 Fehlwerte: {'Monat': 0, 'Durchfluss_m3s': 0, 'Datum': 0}
12/09/2023 03:51:55 Fehlende Zeitschritte: []
12/09/2023 03:51:55 Duplikate: []
12/09/2023 03:51:55 Ausreißertest (IQR): OutlierTestIQR(upper_bound=3.8234999999999997, lower_bound=-0.9484999999999999, outlier=       Monat  Durchfluss_m3s      Datum
64   03/1965           4.154 1965-03-01
65   04/1965           4.995 1965-04-01
66   05/1965           5.182 1965-05-01
87   02/1967           3.851 1967-02-01
113  04/1969           4.496 1969-04-01
125  04/1970           6.412 1970-04-01
126  05/1970           4.165 1970-05-01
181  12/1974           6.864 1974-12-01
182  01/1975           4.047 1975-01-01
194  01/1976           5.302 1976-01-01
256  03/1981           4.692 1981-03-01
329  04/1987           5.633 1987-04-01
341  04/1988           4.985 1988-04-01
349  12/1988           4.864 1988-12-01
425  04/1995           5.640 1995-04-01
472  03/1999           4.120 1999-03-01)
12/09/2023 03:51:55 Ausreißertest (z-score): OutlierTestZscore(upper_bound=4.661291414238702, lower_bound=-1.5191164142387021, outlier=       Monat  Durchfluss_m3s      Datum
65   04/1965           4.995 1965-04-01
66   05/1965           5.182 1965-05-01
125  04/1970           6.412 1970-04-01
181  12/1974           6.864 1974-12-01
194  01/1976           5.302 1976-01-01
256  03/1981           4.692 1981-03-01
329  04/1987           5.633 1987-04-01
341  04/1988           4.985 1988-04-01
349  12/1988           4.864 1988-12-01
425  04/1995           5.640 1995-04-01)
12/09/2023 03:51:55 Ausreißertest (Grubbs): OutlierTestGrubbs(bound=5.143771796926313, outlier=       Monat  Durchfluss_m3s      Datum
66   05/1965           5.182 1965-05-01
125  04/1970           6.412 1970-04-01
181  12/1974           6.864 1974-12-01
194  01/1976           5.302 1976-01-01
329  04/1987           5.633 1987-04-01
425  04/1995           5.640 1995-04-01)
12/09/2023 03:51:55 -----------------------------------------
12/09/2023 03:51:55 Check: Homogenität
12/09/2023 03:51:55 -----------------------------------------
12/09/2023 03:52:09 Pettitt test: Pettitt_Test(h=True, cp=61, p=0.0196, U=9110.0, avg=mean(mu1=1.1193114754098357, mu2=1.6368591885441528)), Bruchpunkt: 12/1964
12/09/2023 03:52:11 -----------------------------------------
12/09/2023 03:52:11 Check: Stationarität
12/09/2023 03:52:11 -----------------------------------------
12/09/2023 03:52:11 ADF-Test: (-4.971404535392999, 2.527438084352481e-05, 11, 468, {'1%': -3.4444002781824477, '5%': -2.867735576537528, '10%': -2.57007000456571}, 1226.0100073100684)
12/09/2023 03:52:11 -----------------------------------------
12/09/2023 03:52:11 Analyse: Trendkomponente
12/09/2023 03:52:11 -----------------------------------------
12/09/2023 03:52:11 Lineare Regression (Jahreswerte): LinregressResult(slope=0.0042652595372107555, intercept=-6.871993753908691, rvalue=0.13978175769933, pvalue=0.3896464540343916, stderr=0.0049013796372877816, intercept_stderr=9.702445958741235)
12/09/2023 03:52:11 Lineare Regression (Monatswerte): LinregressResult(slope=0.0037261359641351825, intercept=-5.806506453322422, rvalue=0.0418132670515676, pvalue=0.3606674029054775, stderr=0.004072402224214402, intercept_stderr=8.063323839562944)
12/09/2023 03:52:11 Teststatistik lin. Regression (Jahreswerte): 0.87
12/09/2023 03:52:11 Teststatistik lin. Regression (Monatswerte): 0.915
12/09/2023 03:52:11 MK-Test (Jahreswerte): Seasonal_Mann_Kendall_Test(trend='no trend', h=False, p=0.14619695623012374, z=1.4530965233383222, Tau=0.04626068376068376, s=433.0, var_s=88385.00000000001, slope=0.003935314685314687, intercept=1.1934576777389276)
12/09/2023 03:52:11 MK-Test (Monatswerte): Mann_Kendall_Test(trend='no trend', h=False, p=0.09397202272273164, z=1.6748074193229083, Tau=0.05115692414752958, s=5881.0, var_s=12326077.666666666, slope=0.00042822966507177003, intercept=1.169438995215311)
12/09/2023 03:52:13 -----------------------------------------
12/09/2023 03:52:13 Analyse: Saisonkomponente
12/09/2023 03:52:13 -----------------------------------------
12/09/2023 03:52:14 Top 5 Frequenzen: [0.15625    0.25       0.08333333 0.06041667 0.00208333] 1/Monat
12/09/2023 03:52:14 Top 5 Periodendauern [6.4, 4.0, 12.0, 16.55, 480.0] Monate
12/09/2023 03:52:15 -----------------------------------------
12/09/2023 03:52:15 Analyse: Autokorrelative Komponente
12/09/2023 03:52:15 -----------------------------------------
12/09/2023 03:52:19 -----------------------------------------
12/09/2023 03:52:19 Analyse: Irreguläre Komponente
12/09/2023 03:52:19 -----------------------------------------
12/09/2023 03:52:32 No artists with labels found to put in legend.  Note that artists whose label start with an underscore are ignored when legend() is called with no argument.
12/09/2023 03:52:45 -----------------------------------------
12/09/2023 03:52:45 Ende
12/09/2023 03:52:45 -----------------------------------------
12/09/2023 03:52:45 -----------------------------------------
12/09/2023 03:52:45 PEGEL: Wiesa
12/09/2023 03:52:45 -----------------------------------------
12/09/2023 03:52:46 -----------------------------------------
12/09/2023 03:52:46 Check: Konsistenz
12/09/2023 03:52:46 -----------------------------------------
12/09/2023 03:52:46 Fehlwerte: {'Monat': 0, 'Durchfluss_m3s': 0, 'Datum': 0}
12/09/2023 03:52:46 Fehlende Zeitschritte: []
12/09/2023 03:52:46 Duplikate: []
12/09/2023 03:52:46 Ausreißertest (IQR): OutlierTestIQR(upper_bound=4.239000000000001, lower_bound=-1.241, outlier=       Monat  Durchfluss_m3s      Datum
65   04/1965           4.893 1965-04-01
66   05/1965           5.510 1965-05-01
113  04/1969           4.318 1969-04-01
125  04/1970           7.198 1970-04-01
126  05/1970           5.014 1970-05-01
181  12/1974           7.080 1974-12-01
182  01/1975           4.331 1975-01-01
194  01/1976           5.044 1976-01-01
248  07/1980           4.299 1980-07-01
256  03/1981           6.450 1981-03-01
329  04/1987           8.637 1987-04-01
341  04/1988           6.420 1988-04-01
425  04/1995           5.008 1995-04-01
472  03/1999           4.725 1999-03-01)
12/09/2023 03:52:46 Ausreißertest (z-score): OutlierTestZscore(upper_bound=5.098979657497311, lower_bound=-1.8057379908306441, outlier=       Monat  Durchfluss_m3s      Datum
66   05/1965           5.510 1965-05-01
125  04/1970           7.198 1970-04-01
181  12/1974           7.080 1974-12-01
256  03/1981           6.450 1981-03-01
329  04/1987           8.637 1987-04-01
341  04/1988           6.420 1988-04-01)
12/09/2023 03:52:46 Ausreißertest (Grubbs): OutlierTestGrubbs(bound=6.080774825616999, outlier=       Monat  Durchfluss_m3s      Datum
125  04/1970           7.198 1970-04-01
181  12/1974           7.080 1974-12-01
256  03/1981           6.450 1981-03-01
329  04/1987           8.637 1987-04-01
341  04/1988           6.420 1988-04-01)
12/09/2023 03:52:46 -----------------------------------------
12/09/2023 03:52:46 Check: Homogenität
12/09/2023 03:52:46 -----------------------------------------
12/09/2023 03:53:00 Pettitt test: Pettitt_Test(h=True, cp=64, p=0.0007, U=12187.0, avg=mean(mu1=1.028375, mu2=1.7417355769230767)), Bruchpunkt: 03/1965
12/09/2023 03:53:01 -----------------------------------------
12/09/2023 03:53:01 Check: Stationarität
12/09/2023 03:53:01 -----------------------------------------
12/09/2023 03:53:01 ADF-Test: (-3.915922868881025, 0.001920738949939289, 11, 468, {'1%': -3.4444002781824477, '5%': -2.867735576537528, '10%': -2.57007000456571}, 1306.3736574275429)
12/09/2023 03:53:01 -----------------------------------------
12/09/2023 03:53:01 Analyse: Trendkomponente
12/09/2023 03:53:01 -----------------------------------------
12/09/2023 03:53:01 Lineare Regression (Jahreswerte): LinregressResult(slope=0.005181988742964352, intercept=-8.6111258833646, rvalue=0.14158195127592438, pvalue=0.38350845520732235, stderr=0.005877596125363444, intercept_stderr=11.634899353603647)
12/09/2023 03:53:01 Lineare Regression (Monatswerte): LinregressResult(slope=0.004704688388408741, intercept=-7.668466147033039, rvalue=0.04725605658355333, pvalue=0.3015074019424135, stderr=0.004548560504583965, intercept_stderr=9.006113427163132)
12/09/2023 03:53:01 Teststatistik lin. Regression (Jahreswerte): 0.882
12/09/2023 03:53:01 Teststatistik lin. Regression (Monatswerte): 1.034
12/09/2023 03:53:01 MK-Test (Jahreswerte): Seasonal_Mann_Kendall_Test(trend='increasing', h=True, p=0.011316959262348103, z=2.5327563288961543, Tau=0.08055555555555556, s=754.0, var_s=88390.00000000001, slope=0.006, intercept=1.23525)
12/09/2023 03:53:01 MK-Test (Monatswerte): Mann_Kendall_Test(trend='increasing', h=True, p=0.049540820395559626, z=1.963907496081805, Tau=0.05998608211551844, s=6896.0, var_s=12326122.666666666, slope=0.0005410793461716628, intercept=1.2254114965918868)
12/09/2023 03:53:04 -----------------------------------------
12/09/2023 03:53:04 Analyse: Saisonkomponente
12/09/2023 03:53:04 -----------------------------------------
12/09/2023 03:53:05 Top 5 Frequenzen: [0.06041667 0.0125     0.25       0.08333333 0.00208333] 1/Monat
12/09/2023 03:53:05 Top 5 Periodendauern [16.55, 80.0, 4.0, 12.0, 480.0] Monate
12/09/2023 03:53:06 -----------------------------------------
12/09/2023 03:53:06 Analyse: Autokorrelative Komponente
12/09/2023 03:53:06 -----------------------------------------
12/09/2023 03:53:11 -----------------------------------------
12/09/2023 03:53:11 Analyse: Irreguläre Komponente
12/09/2023 03:53:11 -----------------------------------------
12/09/2023 03:53:23 No artists with labels found to put in legend.  Note that artists whose label start with an underscore are ignored when legend() is called with no argument.
12/09/2023 03:53:36 -----------------------------------------
12/09/2023 03:53:36 Ende
12/09/2023 03:53:36 -----------------------------------------
